
> openroutes@1.0.0 predeploy
> expo export -p web

[33m[1mWarning: [22mRoot-level [1m"expo"[22m object found. Ignoring extra keys in Expo config: "scheme", "platforms"
[90mLearn more: https://expo.fyi/root-expo-object[0m[0m
env: load .env
env: export EXPO_PUBLIC_GITHUB_OWNER EXPO_PUBLIC_GITHUB_REPO GITHUB_REPOSITORY

Using (experimental) base path: /openroutes
Starting Metro Bundler
Static rendering is enabled. Learn more: https://docs.expo.dev/router/reference/static-rendering/
Web node_modules/expo-router/entry.js ▓▓▓▓░░░░░░░░░░░░ 30.0% (166/303)
λ node_modules/expo-router/node/render.js ▓▓▓▓▓▓▓▓▓▓░░░░░░ 65.0% (457/567)
λ Bundled 4844ms node_modules/expo-router/node/render.js (1722 modules)
Web node_modules/expo-router/entry.js ▓▓▓▓▓▓▓▓▓▓▓▓▓▓▓░ 98.2% (1674/1689)
Web Bundled 6327ms node_modules/expo-router/entry.js (1831 modules)

› web bundles (1):
_expo/static/js/web/entry-5f9fc71ac425ec84ab978747b5f8bbc5.js (3.44 MB)

› Static routes (7):
/ (index) (21.9 kB)
/share (21.9 kB)
/detail (21.9 kB)
/setting (21.9 kB)
/_sitemap (21.8 kB)
/githubauth (21.9 kB)
/+not-found (21.8 kB)

Exported: dist
