
> openroutes@1.0.0 predeploy
> expo export -p web

[33m[1mWarning: [22mRoot-level [1m"expo"[22m object found. Ignoring extra keys in Expo config: "scheme", "platforms"
[90mLearn more: https://expo.fyi/root-expo-object[0m[0m
env: load .env
env: export EXPO_PUBLIC_GITHUB_OWNER EXPO_PUBLIC_GITHUB_REPO GITHUB_REPOSITORY

Using (experimental) base path: /openroutes
Starting Metro Bundler
Static rendering is enabled. Learn more: https://docs.expo.dev/router/reference/static-rendering/
Web node_modules/expo-router/entry.js ▓▓▓▓▓▓░░░░░░░░░░ 41.3% (11/21)
λ node_modules/expo-router/node/render.js ▓░░░░░░░░░░░░░░░  7.4% ( 21/148)
Web node_modules/expo-router/entry.js ▓▓▓▓▓▓░░░░░░░░░░ 41.3% (11/21)
λ node_modules/expo-router/node/render.js ▓▓░░░░░░░░░░░░░░ 13.3% ( 91/250)
Web node_modules/expo-router/entry.js ▓▓▓▓▓▓░░░░░░░░░░ 41.3% ( 83/168)
λ node_modules/expo-router/node/render.js ▓▓▓▓░░░░░░░░░░░░ 30.1% (202/381)
Web node_modules/expo-router/entry.js ▓▓▓▓▓▓▓░░░░░░░░░ 46.0% (176/270)
λ node_modules/expo-router/node/render.js ▓▓▓▓▓▓▓░░░░░░░░░ 46.0% (317/468)
| [33m[1mWarning: [22mRoot-level [1m"expo"[22m object found. Ignoring extra keys in Expo config: "scheme", "platforms"
| [90mLearn more: https://expo.fyi/root-expo-object[0m[0m
Web node_modules/expo-router/entry.js ▓▓▓▓▓▓▓░░░░░░░░░ 46.0% (215/340)
λ node_modules/expo-router/node/render.js ▓▓▓▓▓▓▓▓▓▓░░░░░░ 62.7% (453/572)
Web node_modules/expo-router/entry.js ▓▓▓▓▓▓▓▓░░░░░░░░ 51.8% (281/422)
λ node_modules/expo-router/node/render.js ▓▓▓▓▓▓▓▓▓▓░░░░░░ 65.7% (477/600)
Web node_modules/expo-router/entry.js ▓▓▓▓▓▓▓▓▓░░░░░░░ 56.3% (389/521)
λ node_modules/expo-router/node/render.js ▓▓▓▓▓▓▓▓▓▓░░░░░░ 65.7% (566/760)
Web node_modules/expo-router/entry.js ▓▓▓▓▓▓▓▓▓░░░░░░░ 60.2% (437/575)
λ node_modules/expo-router/node/render.js ▓▓▓▓▓▓▓▓▓▓░░░░░░ 65.7% (691/893)
Web node_modules/expo-router/entry.js ▓▓▓▓▓▓▓▓▓░░░░░░░ 62.1% (558/719)
λ node_modules/expo-router/node/render.js ▓▓▓▓▓▓▓▓▓▓░░░░░░ 65.7% ( 777/1064)
Web node_modules/expo-router/entry.js ▓▓▓▓▓▓▓▓▓░░░░░░░ 62.1% (573/754)
λ node_modules/expo-router/node/render.js ▓▓▓▓▓▓▓▓▓▓░░░░░░ 65.7% ( 934/1197)
Web node_modules/expo-router/entry.js ▓▓▓▓▓▓▓▓▓▓░░░░░░ 64.0% (663/829)
λ node_modules/expo-router/node/render.js ▓▓▓▓▓▓▓▓▓▓▓░░░░░ 73.6% (1051/1225)
Web node_modules/expo-router/entry.js ▓▓▓▓▓▓▓▓▓▓░░░░░░ 64.0% ( 752/1048)
λ node_modules/expo-router/node/render.js ▓▓▓▓▓▓▓▓▓▓▓▓▓░░░ 82.1% (1184/1307)
Web node_modules/expo-router/entry.js ▓▓▓▓▓▓▓▓▓▓░░░░░░ 64.0% ( 789/1077)
λ node_modules/expo-router/node/render.js ▓▓▓▓▓▓▓▓▓▓▓▓▓░░░ 84.8% (1226/1354)
Web node_modules/expo-router/entry.js ▓▓▓▓▓▓▓▓▓▓░░░░░░ 65.8% ( 923/1150)
λ node_modules/expo-router/node/render.js ▓▓▓▓▓▓▓▓▓▓▓▓▓░░░ 84.8% (1230/1359)
Web node_modules/expo-router/entry.js ▓▓▓▓▓▓▓▓▓▓▓░░░░░ 71.8% (1021/1205)
λ node_modules/expo-router/node/render.js ▓▓▓▓▓▓▓▓▓▓▓▓▓░░░ 85.7% (1347/1455)
Web node_modules/expo-router/entry.js ▓▓▓▓▓▓▓▓▓▓▓▓░░░░ 76.3% (1173/1347)
λ node_modules/expo-router/node/render.js ▓▓▓▓▓▓▓▓▓▓▓▓▓░░░ 86.5% (1403/1522)
Web node_modules/expo-router/entry.js ▓▓▓▓▓▓▓▓▓▓▓▓▓░░░ 81.4% (1267/1404)
λ node_modules/expo-router/node/render.js ▓▓▓▓▓▓▓▓▓▓▓▓▓▓░░ 88.7% (1468/1559)
Web node_modules/expo-router/entry.js ▓▓▓▓▓▓▓▓▓▓▓▓▓░░░ 83.4% (1387/1556)
λ node_modules/expo-router/node/render.js ▓▓▓▓▓▓▓▓▓▓▓▓▓▓░░ 93.2% (1571/1627)
Web node_modules/expo-router/entry.js ▓▓▓▓▓▓▓▓▓▓▓▓▓▓░░ 92.8% (1720/1785)
λ node_modules/expo-router/node/render.js ▓▓▓▓▓▓▓▓▓▓▓▓▓▓▓░ 97.6% (1688/1709)
λ Bundled 66146ms node_modules/expo-router/node/render.js (1716 modules)
Web Bundled 68484ms node_modules/expo-router/entry.js (1831 modules)

› web bundles (1):
_expo/static/js/web/entry-56f7c2abb0b096272e80b2bce6a9d10a.js (3.44 MB)

› Static routes (7):
/ (index) (21.9 kB)
/share (21.9 kB)
/detail (21.9 kB)
/setting (21.9 kB)
/_sitemap (21.8 kB)
/githubauth (21.9 kB)
/+not-found (21.8 kB)

Exported: dist
