
> openroutes@1.0.0 web
> expo start --web

env: load .env
env: export EXPO_PUBLIC_GITHUB_OWNER EXPO_PUBLIC_GITHUB_REPO GITHUB_REPOSITORY
[33m[1mWarning: [22mRoot-level [1m"expo"[22m object found. Ignoring extra keys in Expo config: "scheme", "platforms"
[90mLearn more: https://expo.fyi/root-expo-object[0m[0m
Starting project at /app
Starting Metro Bundler
Waiting on http://localhost:8081
Logs for your project will appear below.
Web node_modules/expo-router/entry.js ░░░░░░░░░░░░░░░░  0.0% (0/1)
Web node_modules/expo-router/entry.js ▓▓▓▓░░░░░░░░░░░░ 26.8% ( 78/179)
λ node_modules/expo-router/node/render.js ▓▓▓▓░░░░░░░░░░░░ 26.3% (100/195)
Web node_modules/expo-router/entry.js ▓▓▓▓▓▓▓▓░░░░░░░░ 51.4% (259/372)
λ node_modules/expo-router/node/render.js ▓▓▓▓▓▓▓▓░░░░░░░░ 50.2% (352/497)
| [33m[1mWarning: [22mRoot-level [1m"expo"[22m object found. Ignoring extra keys in Expo config: "scheme", "platforms"
| [90mLearn more: https://expo.fyi/root-expo-object[0m[0m
Web node_modules/expo-router/entry.js ▓▓▓▓▓▓▓▓▓░░░░░░░ 58.0% (402/529)
λ node_modules/expo-router/node/render.js ▓▓▓▓▓▓▓▓▓▓▓░░░░░ 70.7% (569/775)
Web node_modules/expo-router/entry.js ▓▓▓▓▓▓▓▓▓▓░░░░░░ 63.3% (552/765)
λ node_modules/expo-router/node/render.js ▓▓▓▓▓▓▓▓▓▓▓░░░░░ 70.7% ( 791/1084)
Web node_modules/expo-router/entry.js ▓▓▓▓▓▓▓▓▓▓░░░░░░ 63.3% (673/872)
λ node_modules/expo-router/node/render.js ▓▓▓▓▓▓▓▓▓▓▓▓░░░░ 75.2% (1088/1279)
Web node_modules/expo-router/entry.js ▓▓▓▓▓▓▓▓▓▓░░░░░░ 63.3% ( 850/1139)
λ node_modules/expo-router/node/render.js ▓▓▓▓▓▓▓▓▓▓▓▓▓░░░ 82.2% (1240/1370)
Web node_modules/expo-router/entry.js ▓▓▓▓▓▓▓▓▓▓▓▓░░░░ 76.5% (1137/1300)
λ node_modules/expo-router/node/render.js ▓▓▓▓▓▓▓▓▓▓▓▓▓░░░ 85.0% (1370/1495)
Web node_modules/expo-router/entry.js ▓▓▓▓▓▓▓▓▓▓▓▓▓░░░ 83.5% (1374/1504)
λ node_modules/expo-router/node/render.js ▓▓▓▓▓▓▓▓▓▓▓▓▓▓░░ 88.8% (1484/1575)
λ Bundled 31187ms node_modules/expo-router/node/render.js (1733 modules)
"shadow*" style props are deprecated. Use "boxShadow".
Web node_modules/expo-router/entry.js ▓▓▓▓▓▓▓▓▓▓▓▓▓▓▓░ 99.6% (1922/1926)
Web node_modules/expo-router/entry.js ▓▓▓▓▓▓▓▓▓▓▓▓▓▓▓░ 99.7% (1925/1928)
Web Bundled 37464ms node_modules/expo-router/entry.js (1930 modules)
Web node_modules/expo-router/entry.js ▓▓▓▓▓▓▓░░░░░░░░░ 48.5% (405/595)
Web node_modules/expo-router/entry.js ▓▓▓▓▓▓▓▓▓▓░░░░░░ 64.6% ( 850/1174)
Web node_modules/expo-router/entry.js ▓▓▓▓▓▓▓▓▓▓░░░░░░ 66.0% (1137/1400)
Web node_modules/expo-router/entry.js ▓▓▓▓▓▓▓▓▓▓▓▓▓░░░ 82.5% (1406/1567)
Web Bundled 16572ms node_modules/expo-router/entry.js (1931 modules)
λ Bundled 63ms node_modules/expo-router/node/render.js (1 module)
"shadow*" style props are deprecated. Use "boxShadow".
Web Bundled 694ms node_modules/expo-router/entry.js (1 module)
Web Bundled 203ms node_modules/expo-router/entry.js (1 module)
 LOG  [web] Logs will appear in the browser console
Web node_modules/expo-router/entry.js ░░░░░░░░░░░░░░░░  0.0% (0/1)
λ Bundled 86ms node_modules/expo-router/node/render.js (1 module)
"shadow*" style props are deprecated. Use "boxShadow".
Web Bundled 652ms node_modules/expo-router/entry.js (1 module)
Web Bundled 109ms node_modules/expo-router/entry.js (1 module)
 LOG  [web] Logs will appear in the browser console
Web node_modules/expo-router/entry.js ░░░░░░░░░░░░░░░░  0.0% (0/1)
λ Bundled 86ms node_modules/expo-router/node/render.js (1 module)
"shadow*" style props are deprecated. Use "boxShadow".
Web Bundled 636ms node_modules/expo-router/entry.js (1 module)
Web Bundled 113ms node_modules/expo-router/entry.js (1 module)
 LOG  [web] Logs will appear in the browser console
