
> openroutes@1.0.0 web
> expo start --web

env: load .env
env: export EXPO_PUBLIC_GITHUB_OWNER EXPO_PUBLIC_GITHUB_REPO GITHUB_REPOSITORY
[33m[1mWarning: [22mRoot-level [1m"expo"[22m object found. Ignoring extra keys in Expo config: "scheme", "platforms"
[90mLearn more: https://expo.fyi/root-expo-object[0m[0m
Starting project at /app
Starting Metro Bundler
Waiting on http://localhost:8081
Logs for your project will appear below.
Web node_modules/expo-router/entry.js ░░░░░░░░░░░░░░░░  0.0% (0/1)
Web node_modules/expo-router/entry.js ▓▓▓▓▓░░░░░░░░░░░ 31.6% ( 54/145)
λ node_modules/expo-router/node/render.js ▓▓░░░░░░░░░░░░░░ 17.6% (126/305)
Web node_modules/expo-router/entry.js ▓▓▓▓▓▓▓▓░░░░░░░░ 51.3% (198/311)
λ node_modules/expo-router/node/render.js ▓▓▓▓▓▓▓▓▓▓░░░░░░ 63.2% (419/539)
| [33m[1mWarning: [22mRoot-level [1m"expo"[22m object found. Ignoring extra keys in Expo config: "scheme", "platforms"
| [90mLearn more: https://expo.fyi/root-expo-object[0m[0m
Web node_modules/expo-router/entry.js ▓▓▓▓▓▓▓▓░░░░░░░░ 51.3% (332/483)
λ node_modules/expo-router/node/render.js ▓▓▓▓▓▓▓▓▓▓▓░░░░░ 70.3% (579/801)
Web node_modules/expo-router/entry.js ▓▓▓▓▓▓▓▓▓░░░░░░░ 56.4% (476/634)
λ node_modules/expo-router/node/render.js ▓▓▓▓▓▓▓▓▓▓▓░░░░░ 70.3% (729/945)
Web node_modules/expo-router/entry.js ▓▓▓▓▓▓▓▓▓▓░░░░░░ 63.4% (633/853)
λ node_modules/expo-router/node/render.js ▓▓▓▓▓▓▓▓▓▓▓░░░░░ 70.3% ( 892/1198)
Web node_modules/expo-router/entry.js ▓▓▓▓▓▓▓▓▓▓░░░░░░ 63.4% ( 848/1155)
λ node_modules/expo-router/node/render.js ▓▓▓▓▓▓▓▓▓▓▓░░░░░ 73.9% (1174/1366)
Web node_modules/expo-router/entry.js ▓▓▓▓▓▓▓▓▓▓░░░░░░ 63.4% ( 951/1226)
λ node_modules/expo-router/node/render.js ▓▓▓▓▓▓▓▓▓▓▓▓▓░░░ 86.2% (1316/1434)
Web node_modules/expo-router/entry.js ▓▓▓▓▓▓▓▓▓▓▓▓░░░░ 78.2% (1258/1423)
λ node_modules/expo-router/node/render.js ▓▓▓▓▓▓▓▓▓▓▓▓▓░░░ 86.9% (1439/1546)
Web node_modules/expo-router/entry.js ▓▓▓▓▓▓▓▓▓▓▓▓▓░░░ 83.8% (1467/1605)
λ node_modules/expo-router/node/render.js ▓▓▓▓▓▓▓▓▓▓▓▓▓▓░░ 93.0% (1610/1680)
λ Bundled 34263ms node_modules/expo-router/node/render.js (1785 modules)
"shadow*" style props are deprecated. Use "boxShadow".
Web node_modules/expo-router/entry.js ▓▓▓▓▓▓▓▓▓▓▓▓▓▓▓░ 99.4% (1951/1957)
Web Bundled 40541ms node_modules/expo-router/entry.js (1959 modules)
Web node_modules/expo-router/entry.js ▓▓▓▓▓▓▓░░░░░░░░░ 48.2% (409/589)
Web node_modules/expo-router/entry.js ▓▓▓▓▓▓▓▓░░░░░░░░ 52.8% ( 710/1075)
Web node_modules/expo-router/entry.js ▓▓▓▓▓▓▓▓▓▓▓▓░░░░ 77.2% (1224/1429)
Web node_modules/expo-router/entry.js ▓▓▓▓▓▓▓▓▓▓▓▓▓▓░░ 89.2% (1716/1817)
Web Bundled 14751ms node_modules/expo-router/entry.js (1960 modules)
Web node_modules/expo-router/entry.js ░░░░░░░░░░░░░░░░  0.0% (0/1)
λ Bundled 77ms node_modules/expo-router/node/render.js (1 module)
"shadow*" style props are deprecated. Use "boxShadow".
Web Bundled 955ms node_modules/expo-router/entry.js (1 module)
Web Bundled 90ms node_modules/expo-router/entry.js (1 module)
 LOG  [web] Logs will appear in the browser console
