Traceback (most recent call last):
  File "<frozen runpy>", line 198, in _run_module_as_main
  File "<frozen runpy>", line 88, in _run_code
  File "/home/jules/.pyenv/versions/3.12.12/lib/python3.12/http/server.py", line 1314, in <module>
    test(
  File "/home/jules/.pyenv/versions/3.12.12/lib/python3.12/http/server.py", line 1261, in test
    with ServerClass(addr, HandlerClass) as httpd:
         ^^^^^^^^^^^^^^^^^^^^^^^^^^^^^^^
  File "/home/jules/.pyenv/versions/3.12.12/lib/python3.12/socketserver.py", line 457, in __init__
    self.server_bind()
  File "/home/jules/.pyenv/versions/3.12.12/lib/python3.12/http/server.py", line 1308, in server_bind
    return super().server_bind()
           ^^^^^^^^^^^^^^^^^^^^^
  File "/home/jules/.pyenv/versions/3.12.12/lib/python3.12/http/server.py", line 136, in server_bind
    socketserver.TCPServer.server_bind(self)
  File "/home/jules/.pyenv/versions/3.12.12/lib/python3.12/socketserver.py", line 478, in server_bind
    self.socket.bind(self.server_address)
OSError: [Errno 98] Address already in use
127.0.0.1 - - [01/Feb/2026 11:38:47] "GET /openroutes/share/ HTTP/1.1" 200 -
127.0.0.1 - - [01/Feb/2026 11:38:47] "GET /openroutes/_expo/static/js/web/entry-c286c6bcc2b0079ff617cb79ed1516bf.js HTTP/1.1" 200 -
127.0.0.1 - - [01/Feb/2026 11:38:47] "GET /openroutes/assets/node_modules/@expo/vector-icons/build/vendor/react-native-vector-icons/Fonts/MaterialCommunityIcons.6e435534bd35da5fef04168860a9b8fa.ttf HTTP/1.1" 200 -
