env: load .env
env: export EXPO_PUBLIC_GITHUB_OWNER EXPO_PUBLIC_GITHUB_REPO GITHUB_REPOSITORY
Starting project at /app
Starting Metro Bundler
Waiting on http://localhost:8081
Logs for your project will appear below.
Web node_modules/expo-router/entry.js ░░░░░░░░░░░░░░░░  0.0% (0/1)
Web node_modules/expo-router/entry.js ▓▓▓▓▓▓░░░░░░░░░░ 37.8% (126/205)
λ node_modules/expo-router/node/render.js ▓▓▓░░░░░░░░░░░░░ 22.2% (124/298)
Web node_modules/expo-router/entry.js ▓▓▓▓▓▓▓▓░░░░░░░░ 53.1% (260/379)
λ node_modules/expo-router/node/render.js ▓▓▓▓▓▓▓▓▓▓░░░░░░ 63.3% (439/554)
Web node_modules/expo-router/entry.js ▓▓▓▓▓▓▓▓▓░░░░░░░ 57.1% (408/540)
λ node_modules/expo-router/node/render.js ▓▓▓▓▓▓▓▓▓▓░░░░░░ 65.1% (646/830)
Web node_modules/expo-router/entry.js ▓▓▓▓▓▓▓▓▓░░░░░░░ 58.8% (656/882)
λ node_modules/expo-router/node/render.js ▓▓▓▓▓▓▓▓▓▓░░░░░░ 67.6% ( 826/1090)
Web node_modules/expo-router/entry.js ▓▓▓▓▓▓▓▓▓▓▓░░░░░ 69.7% (808/977)
λ node_modules/expo-router/node/render.js ▓▓▓▓▓▓▓▓▓▓▓▓░░░░ 76.8% (1084/1237)
Web node_modules/expo-router/entry.js ▓▓▓▓▓▓▓▓▓▓▓░░░░░ 69.7% ( 966/1231)
λ node_modules/expo-router/node/render.js ▓▓▓▓▓▓▓▓▓▓▓▓░░░░ 80.7% (1267/1410)
Web node_modules/expo-router/entry.js ▓▓▓▓▓▓▓▓▓▓▓▓▓░░░ 81.7% (1216/1345)
λ node_modules/expo-router/node/render.js ▓▓▓▓▓▓▓▓▓▓▓▓▓░░░ 85.9% (1414/1526)
Web node_modules/expo-router/entry.js ▓▓▓▓▓▓▓▓▓▓▓▓▓░░░ 81.7% (1474/1633)
λ node_modules/expo-router/node/render.js ▓▓▓▓▓▓▓▓▓▓▓▓▓▓░░ 89.4% (1527/1615)
λ Bundled 30889ms node_modules/expo-router/node/render.js (1791 modules)
"shadow*" style props are deprecated. Use "boxShadow".
Web node_modules/expo-router/entry.js ▓▓▓▓▓▓▓▓▓▓▓▓▓▓▓░ 99.9% (1982/1982)
Web Bundled 36836ms node_modules/expo-router/entry.js (1982 modules)
Web node_modules/expo-router/entry.js ▓▓▓▓▓▓▓▓▓▓▓▓▓▓▓░ 99.9% (1982/1982)
Web node_modules/expo-router/entry.js ░░░░░░░░░░░░░░░░  0.0% (0/1)
λ Bundled 88ms node_modules/expo-router/node/render.js (1 module)
"shadow*" style props are deprecated. Use "boxShadow".
Web Bundled 684ms node_modules/expo-router/entry.js (1 module)
Web node_modules/expo-router/entry.js ▓▓▓▓░░░░░░░░░░░░ 30.9% (254/495)
Web node_modules/expo-router/entry.js ▓▓▓▓▓▓▓▓░░░░░░░░ 50.7% (589/827)
Web node_modules/expo-router/entry.js ▓▓▓▓▓▓▓▓▓▓▓░░░░░ 71.3% (1074/1281)
Web node_modules/expo-router/entry.js ▓▓▓▓▓▓▓▓▓▓▓▓░░░░ 80.3% (1529/1707)
Web Bundled 16735ms node_modules/expo-router/entry.js (1983 modules)
Web node_modules/expo-router/entry.js ▓▓▓▓▓▓▓▓▓▓▓▓▓▓▓░ 99.9% (1983/1983)
 LOG  [web] Logs will appear in the browser console
Web node_modules/expo-router/entry.js ░░░░░░░░░░░░░░░░  0.0% (0/1)
λ Bundled 93ms node_modules/expo-router/node/render.js (1 module)
"shadow*" style props are deprecated. Use "boxShadow".
Web Bundled 714ms node_modules/expo-router/entry.js (1 module)
Web Bundled 122ms node_modules/expo-router/entry.js (1 module)
 LOG  [web] Logs will appear in the browser console
λ Bundled 57ms node_modules/expo-router/node/render.js (1 module)
"shadow*" style props are deprecated. Use "boxShadow".
Web Bundled 617ms node_modules/expo-router/entry.js (1 module)
