
> openroutes@1.0.0 web
> expo start --web

env: load .env
env: export EXPO_PUBLIC_GITHUB_OWNER EXPO_PUBLIC_GITHUB_REPO GITHUB_REPOSITORY
[33m[1mWarning: [22mRoot-level [1m"expo"[22m object found. Ignoring extra keys in Expo config: "scheme", "platforms"
[90mLearn more: https://expo.fyi/root-expo-object[0m[0m
Starting project at /app
Starting Metro Bundler
Waiting on http://localhost:8081
Logs for your project will appear below.
Web node_modules/expo-router/entry.js ░░░░░░░░░░░░░░░░  0.0% (0/1)
Web node_modules/expo-router/entry.js ▓▓▓▓▓▓▓▓▓▓▓▓▓▓▓░ 93.9% (1828/1886)
λ node_modules/expo-router/node/render.js ▓▓▓▓▓▓▓▓▓▓▓▓▓▓▓░ 93.9% (1622/1674)
λ Bundled 3724ms node_modules/expo-router/node/render.js (1786 modules)
"shadow*" style props are deprecated. Use "boxShadow".
Web node_modules/expo-router/entry.js ▓▓▓▓▓▓▓▓▓▓▓▓▓▓▓░ 99.9% (1977/1977)
Web node_modules/expo-router/entry.js ▓▓▓▓▓▓▓▓▓▓▓▓▓▓▓░ 99.9% (1977/1977)
Web node_modules/expo-router/entry.js ░░░░░░░░░░░░░░░░  0.0% (0/1)
λ Bundled 56ms node_modules/expo-router/node/render.js (1 module)
"shadow*" style props are deprecated. Use "boxShadow".
Web Bundled 8068ms node_modules/expo-router/entry.js (1977 modules)
Error: Premature close
    at onclose (node:internal/streams/end-of-stream:171:30)
    at processTicksAndRejections (node:internal/process/task_queues:85:11)
Web Bundled 649ms node_modules/expo-router/entry.js (1 module)
Web Bundled 1340ms node_modules/expo-router/entry.js (1978 modules)
 LOG  [web] Logs will appear in the browser console
λ Bundled 53ms node_modules/expo-router/node/render.js (1 module)
Web node_modules/expo-router/entry.js ░░░░░░░░░░░░░░░░  0.0% (0/1)
"shadow*" style props are deprecated. Use "boxShadow".
Web Bundled 618ms node_modules/expo-router/entry.js (1 module)
